
5월 29, 2018 23:14:19.44 NEW SESSION
5월 29, 2018 23:14:19.44 [7800:4164:0529/231419.446:ERROR:in_progress_cache_impl.cc(93)] Could not read download entries from file because there was a read failure.
5월 29, 2018 23:14:19.53 [7800:11488:0529/231419.539:ERROR:in_progress_cache_impl.cc(189)] Cache is not initialized, cannot RetrieveEntry.
5월 29, 2018 23:14:19.58 [7800:11488:0529/231419.539:ERROR:in_progress_cache_impl.cc(189)] Cache is not initialized, cannot RetrieveEntry.
5월 29, 2018 23:14:19.58 [7800:11488:0529/231419.539:ERROR:in_progress_cache_impl.cc(189)] Cache is not initialized, cannot RetrieveEntry.
5월 29, 2018 23:14:19.61 [7800:11488:0529/231419.539:ERROR:in_progress_cache_impl.cc(189)] Cache is not initialized, cannot RetrieveEntry.
5월 29, 2018 23:14:19.61 [7800:11488:0529/231419.539:ERROR:in_progress_cache_impl.cc(189)] Cache is not initialized, cannot RetrieveEntry.
5월 29, 2018 23:14:19.63 [7800:11488:0529/231419.539:ERROR:in_progress_cache_impl.cc(189)] Cache is not initialized, cannot RetrieveEntry.
5월 29, 2018 23:14:19.63 [7800:11488:0529/231419.539:ERROR:in_progress_cache_impl.cc(189)] Cache is not initialized, cannot RetrieveEntry.
5월 29, 2018 23:14:19.64 [7800:11488:0529/231419.539:ERROR:in_progress_cache_impl.cc(189)] Cache is not initialized, cannot RetrieveEntry.
5월 29, 2018 23:14:19.64 [7800:11488:0529/231419.539:ERROR:in_progress_cache_impl.cc(189)] Cache is not initialized, cannot RetrieveEntry.
5월 29, 2018 23:14:19.64 [7800:11488:0529/231419.539:ERROR:in_progress_cache_impl.cc(189)] Cache is not initialized, cannot RetrieveEntry.
5월 29, 2018 23:14:19.66 [7800:11488:0529/231419.539:ERROR:in_progress_cache_impl.cc(189)] Cache is not initialized, cannot RetrieveEntry.
5월 29, 2018 23:14:19.66 [7800:11488:0529/231419.539:ERROR:in_progress_cache_impl.cc(189)] Cache is not initialized, cannot RetrieveEntry.
5월 29, 2018 23:14:19.66 [7800:11488:0529/231419.539:ERROR:in_progress_cache_impl.cc(189)] Cache is not initialized, cannot RetrieveEntry.
5월 29, 2018 23:14:19.68 [7800:11488:0529/231419.539:ERROR:in_progress_cache_impl.cc(189)] Cache is not initialized, cannot RetrieveEntry.
5월 29, 2018 23:14:19.68 [7800:11488:0529/231419.539:ERROR:in_progress_cache_impl.cc(189)] Cache is not initialized, cannot RetrieveEntry.
5월 29, 2018 23:14:19.68 [7800:11488:0529/231419.539:ERROR:in_progress_cache_impl.cc(189)] Cache is not initialized, cannot RetrieveEntry.
5월 29, 2018 23:14:19.69 [7800:11488:0529/231419.539:ERROR:in_progress_cache_impl.cc(189)] Cache is not initialized, cannot RetrieveEntry.
5월 29, 2018 23:14:19.69 [7800:11488:0529/231419.539:ERROR:in_progress_cache_impl.cc(189)] Cache is not initialized, cannot RetrieveEntry.
5월 29, 2018 23:14:19.69 [7800:11488:0529/231419.539:ERROR:in_progress_cache_impl.cc(189)] Cache is not initialized, cannot RetrieveEntry.
5월 29, 2018 23:14:19.71 [7800:11488:0529/231419.539:ERROR:in_progress_cache_impl.cc(189)] Cache is not initialized, cannot RetrieveEntry.
5월 29, 2018 23:14:19.71 [7800:11488:0529/231419.539:ERROR:in_progress_cache_impl.cc(189)] Cache is not initialized, cannot RetrieveEntry.
5월 29, 2018 23:14:19.71 [7800:11488:0529/231419.539:ERROR:in_progress_cache_impl.cc(189)] Cache is not initialized, cannot RetrieveEntry.
5월 29, 2018 23:14:19.72 [7800:11488:0529/231419.539:ERROR:in_progress_cache_impl.cc(189)] Cache is not initialized, cannot RetrieveEntry.
5월 29, 2018 23:14:19.72 [7800:11488:0529/231419.539:ERROR:in_progress_cache_impl.cc(189)] Cache is not initialized, cannot RetrieveEntry.
5월 29, 2018 23:14:19.72 [7800:11488:0529/231419.539:ERROR:in_progress_cache_impl.cc(189)] Cache is not initialized, cannot RetrieveEntry.
5월 29, 2018 23:14:19.74 [7800:11488:0529/231419.539:ERROR:in_progress_cache_impl.cc(189)] Cache is not initialized, cannot RetrieveEntry.
5월 29, 2018 23:14:19.75 [7800:11488:0529/231419.539:ERROR:in_progress_cache_impl.cc(189)] Cache is not initialized, cannot RetrieveEntry.
5월 29, 2018 23:14:19.78 [7800:11488:0529/231419.539:ERROR:in_progress_cache_impl.cc(189)] Cache is not initialized, cannot RetrieveEntry.
5월 29, 2018 23:14:19.78 [7800:11488:0529/231419.539:ERROR:in_progress_cache_impl.cc(189)] Cache is not initialized, cannot RetrieveEntry.
5월 29, 2018 23:14:19.80 [7800:11488:0529/231419.539:ERROR:in_progress_cache_impl.cc(189)] Cache is not initialized, cannot RetrieveEntry.
5월 29, 2018 23:14:19.83 [7800:11488:0529/231419.539:ERROR:in_progress_cache_impl.cc(189)] Cache is not initialized, cannot RetrieveEntry.
5월 29, 2018 23:14:19.84 [7800:11488:0529/231419.539:ERROR:in_progress_cache_impl.cc(189)] Cache is not initialized, cannot RetrieveEntry.
5월 29, 2018 23:14:19.84 [7800:11488:0529/231419.539:ERROR:in_progress_cache_impl.cc(189)] Cache is not initialized, cannot RetrieveEntry.
5월 29, 2018 23:14:19.85 [7800:11488:0529/231419.539:ERROR:in_progress_cache_impl.cc(189)] Cache is not initialized, cannot RetrieveEntry.
5월 29, 2018 23:14:19.86 [7800:11488:0529/231419.539:ERROR:in_progress_cache_impl.cc(189)] Cache is not initialized, cannot RetrieveEntry.
5월 29, 2018 23:14:19.88 [7800:11488:0529/231419.539:ERROR:in_progress_cache_impl.cc(189)] Cache is not initialized, cannot RetrieveEntry.
5월 29, 2018 23:14:19.89 [7800:11488:0529/231419.539:ERROR:in_progress_cache_impl.cc(189)] Cache is not initialized, cannot RetrieveEntry.
5월 29, 2018 23:14:19.90 [7800:11488:0529/231419.539:ERROR:in_progress_cache_impl.cc(189)] Cache is not initialized, cannot RetrieveEntry.
5월 29, 2018 23:14:19.91 [7800:11488:0529/231419.539:ERROR:in_progress_cache_impl.cc(189)] Cache is not initialized, cannot RetrieveEntry.
5월 29, 2018 23:14:19.96 [7800:11488:0529/231419.539:ERROR:in_progress_cache_impl.cc(189)] Cache is not initialized, cannot RetrieveEntry.
5월 29, 2018 23:14:19.97 [7800:11488:0529/231419.539:ERROR:in_progress_cache_impl.cc(189)] Cache is not initialized, cannot RetrieveEntry.
5월 29, 2018 23:14:19.97 [7800:11488:0529/231419.539:ERROR:in_progress_cache_impl.cc(189)] Cache is not initialized, cannot RetrieveEntry.
5월 29, 2018 23:14:19.98 [7800:11488:0529/231419.539:ERROR:in_progress_cache_impl.cc(189)] Cache is not initialized, cannot RetrieveEntry.
5월 29, 2018 23:14:19.98 [7800:11488:0529/231419.539:ERROR:in_progress_cache_impl.cc(189)] Cache is not initialized, cannot RetrieveEntry.
5월 29, 2018 23:14:19.98 [7800:11488:0529/231419.539:ERROR:in_progress_cache_impl.cc(189)] Cache is not initialized, cannot RetrieveEntry.
5월 29, 2018 23:14:20.00 [7800:11488:0529/231419.539:ERROR:in_progress_cache_impl.cc(189)] Cache is not initialized, cannot RetrieveEntry.
5월 29, 2018 23:14:20.00 [7800:11488:0529/231419.539:ERROR:in_progress_cache_impl.cc(189)] Cache is not initialized, cannot RetrieveEntry.
5월 29, 2018 23:14:20.00 [7800:11488:0529/231419.539:ERROR:in_progress_cache_impl.cc(189)] Cache is not initialized, cannot RetrieveEntry.
5월 29, 2018 23:14:20.01 [7800:11488:0529/231419.539:ERROR:in_progress_cache_impl.cc(189)] Cache is not initialized, cannot RetrieveEntry.
5월 29, 2018 23:14:20.01 [7800:11488:0529/231419.539:ERROR:in_progress_cache_impl.cc(189)] Cache is not initialized, cannot RetrieveEntry.
5월 29, 2018 23:14:20.03 [7800:11488:0529/231419.539:ERROR:in_progress_cache_impl.cc(189)] Cache is not initialized, cannot RetrieveEntry.
5월 29, 2018 23:14:20.03 [7800:11488:0529/231419.539:ERROR:in_progress_cache_impl.cc(189)] Cache is not initialized, cannot RetrieveEntry.
5월 29, 2018 23:14:20.05 [7800:11488:0529/231419.539:ERROR:in_progress_cache_impl.cc(189)] Cache is not initialized, cannot RetrieveEntry.
5월 29, 2018 23:14:20.05 [7800:11488:0529/231419.539:ERROR:in_progress_cache_impl.cc(189)] Cache is not initialized, cannot RetrieveEntry.
5월 29, 2018 23:14:20.05 [7800:11488:0529/231419.539:ERROR:in_progress_cache_impl.cc(189)] Cache is not initialized, cannot RetrieveEntry.
5월 29, 2018 23:14:20.06 [7800:11488:0529/231419.539:ERROR:in_progress_cache_impl.cc(189)] Cache is not initialized, cannot RetrieveEntry.
5월 29, 2018 23:14:20.06 [7800:11488:0529/231419.539:ERROR:in_progress_cache_impl.cc(189)] Cache is not initialized, cannot RetrieveEntry.
5월 29, 2018 23:14:20.08 [7800:11488:0529/231419.539:ERROR:in_progress_cache_impl.cc(189)] Cache is not initialized, cannot RetrieveEntry.
5월 29, 2018 23:14:20.08 [7800:11488:0529/231419.539:ERROR:in_progress_cache_impl.cc(189)] Cache is not initialized, cannot RetrieveEntry.
5월 29, 2018 23:14:20.08 [7800:11488:0529/231419.539:ERROR:in_progress_cache_impl.cc(189)] Cache is not initialized, cannot RetrieveEntry.
5월 29, 2018 23:14:20.09 [7800:11488:0529/231419.727:ERROR:in_progress_cache_impl.cc(189)] Cache is not initialized, cannot RetrieveEntry.
5월 29, 2018 23:14:20.09 [7800:11488:0529/231419.727:ERROR:in_progress_cache_impl.cc(189)] Cache is not initialized, cannot RetrieveEntry.
5월 29, 2018 23:14:20.11 [7800:11488:0529/231419.727:ERROR:in_progress_cache_impl.cc(189)] Cache is not initialized, cannot RetrieveEntry.
5월 29, 2018 23:14:20.11 [7800:11488:0529/231419.727:ERROR:in_progress_cache_impl.cc(189)] Cache is not initialized, cannot RetrieveEntry.
5월 29, 2018 23:14:20.12 [7800:11488:0529/231419.727:ERROR:in_progress_cache_impl.cc(189)] Cache is not initialized, cannot RetrieveEntry.
5월 29, 2018 23:14:20.12 [7800:11488:0529/231419.727:ERROR:in_progress_cache_impl.cc(189)] Cache is not initialized, cannot RetrieveEntry.
5월 29, 2018 23:14:20.12 [7800:11488:0529/231419.727:ERROR:in_progress_cache_impl.cc(189)] Cache is not initialized, cannot RetrieveEntry.
5월 29, 2018 23:14:20.14 [7800:11488:0529/231419.727:ERROR:in_progress_cache_impl.cc(189)] Cache is not initialized, cannot RetrieveEntry.
5월 29, 2018 23:14:20.14 [7800:11488:0529/231419.727:ERROR:in_progress_cache_impl.cc(189)] Cache is not initialized, cannot RetrieveEntry.
5월 29, 2018 23:14:20.14 [7800:11488:0529/231419.727:ERROR:in_progress_cache_impl.cc(189)] Cache is not initialized, cannot RetrieveEntry.
5월 29, 2018 23:14:20.16 [7800:11488:0529/231419.727:ERROR:in_progress_cache_impl.cc(189)] Cache is not initialized, cannot RetrieveEntry.
5월 29, 2018 23:14:20.16 [7800:11488:0529/231419.727:ERROR:in_progress_cache_impl.cc(189)] Cache is not initialized, cannot RetrieveEntry.
5월 29, 2018 23:14:20.17 [7800:11488:0529/231419.727:ERROR:in_progress_cache_impl.cc(189)] Cache is not initialized, cannot RetrieveEntry.
5월 29, 2018 23:14:20.17 [7800:11488:0529/231419.727:ERROR:in_progress_cache_impl.cc(189)] Cache is not initialized, cannot RetrieveEntry.
5월 29, 2018 23:14:20.17 [7800:11488:0529/231419.727:ERROR:in_progress_cache_impl.cc(189)] Cache is not initialized, cannot RetrieveEntry.
5월 29, 2018 23:14:20.19 [7800:11488:0529/231419.727:ERROR:in_progress_cache_impl.cc(189)] Cache is not initialized, cannot RetrieveEntry.
5월 29, 2018 23:14:20.19 [7800:11488:0529/231419.727:ERROR:in_progress_cache_impl.cc(189)] Cache is not initialized, cannot RetrieveEntry.
5월 29, 2018 23:14:20.19 [7800:11488:0529/231419.727:ERROR:in_progress_cache_impl.cc(189)] Cache is not initialized, cannot RetrieveEntry.
5월 29, 2018 23:14:20.20 [7800:11488:0529/231419.727:ERROR:in_progress_cache_impl.cc(189)] Cache is not initialized, cannot RetrieveEntry.
5월 29, 2018 23:14:20.20 [7800:11488:0529/231419.774:ERROR:gpu_process_transport_factory.cc(1007)] Lost UI shared context.
5월 29, 2018 23:22:20.35 Unable to read VR Path Registry from C:\Users\jazzh\AppData\Local\openvr\openvrpaths.vrpath
5월 29, 2018 23:22:23.89 [11916:11084:0529/232223.891:ERROR:in_progress_cache_impl.cc(189)] Cache is not initialized, cannot RetrieveEntry.
5월 29, 2018 23:22:23.92 [11916:11084:0529/232223.891:ERROR:in_progress_cache_impl.cc(189)] Cache is not initialized, cannot RetrieveEntry.
5월 29, 2018 23:22:24.00 [11916:11084:0529/232223.891:ERROR:in_progress_cache_impl.cc(189)] Cache is not initialized, cannot RetrieveEntry.
5월 29, 2018 23:22:24.01 [11916:11084:0529/232223.891:ERROR:in_progress_cache_impl.cc(189)] Cache is not initialized, cannot RetrieveEntry.
5월 29, 2018 23:22:24.03 [11916:11084:0529/232223.891:ERROR:in_progress_cache_impl.cc(189)] Cache is not initialized, cannot RetrieveEntry.
5월 29, 2018 23:22:24.03 [11916:11084:0529/232223.891:ERROR:in_progress_cache_impl.cc(189)] Cache is not initialized, cannot RetrieveEntry.
5월 29, 2018 23:22:24.04 [11916:11084:0529/232223.891:ERROR:in_progress_cache_impl.cc(189)] Cache is not initialized, cannot RetrieveEntry.
5월 29, 2018 23:22:24.04 [11916:11084:0529/232223.891:ERROR:in_progress_cache_impl.cc(189)] Cache is not initialized, cannot RetrieveEntry.
5월 29, 2018 23:22:24.06 [11916:11084:0529/232223.891:ERROR:in_progress_cache_impl.cc(189)] Cache is not initialized, cannot RetrieveEntry.
5월 29, 2018 23:22:24.06 [11916:11084:0529/232223.891:ERROR:in_progress_cache_impl.cc(189)] Cache is not initialized, cannot RetrieveEntry.
5월 29, 2018 23:22:24.07 [11916:11084:0529/232223.891:ERROR:in_progress_cache_impl.cc(189)] Cache is not initialized, cannot RetrieveEntry.
5월 29, 2018 23:22:24.07 [11916:11084:0529/232223.891:ERROR:in_progress_cache_impl.cc(189)] Cache is not initialized, cannot RetrieveEntry.
5월 29, 2018 23:22:24.09 [11916:11084:0529/232223.891:ERROR:in_progress_cache_impl.cc(189)] Cache is not initialized, cannot RetrieveEntry.
5월 29, 2018 23:22:24.09 [11916:11084:0529/232223.891:ERROR:in_progress_cache_impl.cc(189)] Cache is not initialized, cannot RetrieveEntry.
5월 29, 2018 23:22:24.11 [11916:11084:0529/232223.891:ERROR:in_progress_cache_impl.cc(189)] Cache is not initialized, cannot RetrieveEntry.
5월 29, 2018 23:22:24.11 [11916:11084:0529/232223.891:ERROR:in_progress_cache_impl.cc(189)] Cache is not initialized, cannot RetrieveEntry.
5월 29, 2018 23:22:24.12 [11916:11084:0529/232223.891:ERROR:in_progress_cache_impl.cc(189)] Cache is not initialized, cannot RetrieveEntry.
5월 29, 2018 23:22:24.12 [11916:11084:0529/232223.891:ERROR:in_progress_cache_impl.cc(189)] Cache is not initialized, cannot RetrieveEntry.
5월 29, 2018 23:22:24.14 [11916:11084:0529/232223.891:ERROR:in_progress_cache_impl.cc(189)] Cache is not initialized, cannot RetrieveEntry.
5월 29, 2018 23:22:24.14 [11916:11084:0529/232223.891:ERROR:in_progress_cache_impl.cc(189)] Cache is not initialized, cannot RetrieveEntry.
5월 29, 2018 23:22:24.15 [11916:11084:0529/232223.891:ERROR:in_progress_cache_impl.cc(189)] Cache is not initialized, cannot RetrieveEntry.
5월 29, 2018 23:22:24.15 [11916:11084:0529/232223.891:ERROR:in_progress_cache_impl.cc(189)] Cache is not initialized, cannot RetrieveEntry.
5월 29, 2018 23:22:24.17 [11916:11084:0529/232223.891:ERROR:in_progress_cache_impl.cc(189)] Cache is not initialized, cannot RetrieveEntry.
5월 29, 2018 23:22:24.17 [11916:11084:0529/232223.891:ERROR:in_progress_cache_impl.cc(189)] Cache is not initialized, cannot RetrieveEntry.
5월 29, 2018 23:22:24.17 [11916:11084:0529/232223.891:ERROR:in_progress_cache_impl.cc(189)] Cache is not initialized, cannot RetrieveEntry.
5월 29, 2018 23:22:24.19 [11916:11084:0529/232223.891:ERROR:in_progress_cache_impl.cc(189)] Cache is not initialized, cannot RetrieveEntry.
5월 29, 2018 23:22:24.19 [11916:11084:0529/232223.891:ERROR:in_progress_cache_impl.cc(189)] Cache is not initialized, cannot RetrieveEntry.
5월 29, 2018 23:22:24.19 [11916:11084:0529/232223.891:ERROR:in_progress_cache_impl.cc(189)] Cache is not initialized, cannot RetrieveEntry.
5월 29, 2018 23:22:24.20 [11916:11084:0529/232223.891:ERROR:in_progress_cache_impl.cc(189)] Cache is not initialized, cannot RetrieveEntry.
5월 29, 2018 23:22:24.20 [11916:11084:0529/232223.891:ERROR:in_progress_cache_impl.cc(189)] Cache is not initialized, cannot RetrieveEntry.
5월 29, 2018 23:22:24.20 [11916:11084:0529/232223.891:ERROR:in_progress_cache_impl.cc(189)] Cache is not initialized, cannot RetrieveEntry.
5월 29, 2018 23:22:24.22 [11916:11084:0529/232223.891:ERROR:in_progress_cache_impl.cc(189)] Cache is not initialized, cannot RetrieveEntry.
5월 29, 2018 23:22:24.22 [11916:11084:0529/232223.891:ERROR:in_progress_cache_impl.cc(189)] Cache is not initialized, cannot RetrieveEntry.
5월 29, 2018 23:22:24.22 [11916:11084:0529/232223.891:ERROR:in_progress_cache_impl.cc(189)] Cache is not initialized, cannot RetrieveEntry.
5월 29, 2018 23:22:24.24 [11916:11084:0529/232223.891:ERROR:in_progress_cache_impl.cc(189)] Cache is not initialized, cannot RetrieveEntry.
5월 29, 2018 23:22:24.24 [11916:11084:0529/232223.891:ERROR:in_progress_cache_impl.cc(189)] Cache is not initialized, cannot RetrieveEntry.
5월 29, 2018 23:22:24.24 [11916:11084:0529/232223.891:ERROR:in_progress_cache_impl.cc(189)] Cache is not initialized, cannot RetrieveEntry.
5월 29, 2018 23:22:24.25 [11916:11084:0529/232223.891:ERROR:in_progress_cache_impl.cc(189)] Cache is not initialized, cannot RetrieveEntry.
5월 29, 2018 23:22:24.25 [11916:11084:0529/232223.891:ERROR:in_progress_cache_impl.cc(189)] Cache is not initialized, cannot RetrieveEntry.
5월 29, 2018 23:22:24.25 [11916:11084:0529/232223.891:ERROR:in_progress_cache_impl.cc(189)] Cache is not initialized, cannot RetrieveEntry.
5월 29, 2018 23:22:24.27 [11916:11084:0529/232223.891:ERROR:in_progress_cache_impl.cc(189)] Cache is not initialized, cannot RetrieveEntry.
5월 29, 2018 23:22:24.30 [11916:11084:0529/232223.891:ERROR:in_progress_cache_impl.cc(189)] Cache is not initialized, cannot RetrieveEntry.
5월 29, 2018 23:22:24.30 [11916:11084:0529/232223.891:ERROR:in_progress_cache_impl.cc(189)] Cache is not initialized, cannot RetrieveEntry.
5월 29, 2018 23:22:24.33 [11916:11084:0529/232223.891:ERROR:in_progress_cache_impl.cc(189)] Cache is not initialized, cannot RetrieveEntry.
5월 29, 2018 23:22:24.34 [11916:11084:0529/232223.891:ERROR:in_progress_cache_impl.cc(189)] Cache is not initialized, cannot RetrieveEntry.
5월 29, 2018 23:22:24.36 [11916:11084:0529/232223.891:ERROR:in_progress_cache_impl.cc(189)] Cache is not initialized, cannot RetrieveEntry.
5월 29, 2018 23:22:24.38 [11916:11084:0529/232223.891:ERROR:in_progress_cache_impl.cc(189)] Cache is not initialized, cannot RetrieveEntry.
5월 29, 2018 23:22:24.40 [11916:11084:0529/232223.891:ERROR:in_progress_cache_impl.cc(189)] Cache is not initialized, cannot RetrieveEntry.
5월 29, 2018 23:22:24.41 [11916:11084:0529/232223.891:ERROR:in_progress_cache_impl.cc(189)] Cache is not initialized, cannot RetrieveEntry.
5월 29, 2018 23:22:24.42 [11916:11084:0529/232223.891:ERROR:in_progress_cache_impl.cc(189)] Cache is not initialized, cannot RetrieveEntry.
5월 29, 2018 23:22:24.45 [11916:11084:0529/232223.891:ERROR:in_progress_cache_impl.cc(189)] Cache is not initialized, cannot RetrieveEntry.
5월 29, 2018 23:22:24.46 [11916:11084:0529/232223.891:ERROR:in_progress_cache_impl.cc(189)] Cache is not initialized, cannot RetrieveEntry.
5월 29, 2018 23:22:24.47 [11916:11084:0529/232223.891:ERROR:in_progress_cache_impl.cc(189)] Cache is not initialized, cannot RetrieveEntry.
5월 29, 2018 23:22:24.48 [11916:11084:0529/232223.891:ERROR:in_progress_cache_impl.cc(189)] Cache is not initialized, cannot RetrieveEntry.
5월 29, 2018 23:22:24.48 [11916:11084:0529/232223.891:ERROR:in_progress_cache_impl.cc(189)] Cache is not initialized, cannot RetrieveEntry.
5월 29, 2018 23:22:24.51 [11916:11084:0529/232223.891:ERROR:in_progress_cache_impl.cc(189)] Cache is not initialized, cannot RetrieveEntry.
5월 29, 2018 23:22:24.53 [11916:11084:0529/232223.891:ERROR:in_progress_cache_impl.cc(189)] Cache is not initialized, cannot RetrieveEntry.
5월 29, 2018 23:22:24.54 [11916:11084:0529/232223.891:ERROR:in_progress_cache_impl.cc(189)] Cache is not initialized, cannot RetrieveEntry.
5월 29, 2018 23:22:24.55 [11916:11084:0529/232223.891:ERROR:in_progress_cache_impl.cc(189)] Cache is not initialized, cannot RetrieveEntry.
5월 29, 2018 23:22:24.55 [11916:11084:0529/232223.891:ERROR:in_progress_cache_impl.cc(189)] Cache is not initialized, cannot RetrieveEntry.
5월 29, 2018 23:22:24.56 [11916:11084:0529/232223.891:ERROR:in_progress_cache_impl.cc(189)] Cache is not initialized, cannot RetrieveEntry.
5월 29, 2018 23:22:24.58 [11916:11084:0529/232223.891:ERROR:in_progress_cache_impl.cc(189)] Cache is not initialized, cannot RetrieveEntry.
5월 29, 2018 23:22:24.58 [11916:11084:0529/232223.891:ERROR:in_progress_cache_impl.cc(189)] Cache is not initialized, cannot RetrieveEntry.
5월 29, 2018 23:22:24.59 [11916:11084:0529/232223.891:ERROR:in_progress_cache_impl.cc(189)] Cache is not initialized, cannot RetrieveEntry.
5월 29, 2018 23:22:24.61 [11916:11084:0529/232223.891:ERROR:in_progress_cache_impl.cc(189)] Cache is not initialized, cannot RetrieveEntry.
5월 29, 2018 23:22:24.61 [11916:11084:0529/232223.891:ERROR:in_progress_cache_impl.cc(189)] Cache is not initialized, cannot RetrieveEntry.
5월 29, 2018 23:22:24.63 [11916:11084:0529/232223.891:ERROR:in_progress_cache_impl.cc(189)] Cache is not initialized, cannot RetrieveEntry.
5월 29, 2018 23:22:24.63 [11916:11084:0529/232223.891:ERROR:in_progress_cache_impl.cc(189)] Cache is not initialized, cannot RetrieveEntry.
5월 29, 2018 23:22:24.64 [11916:11084:0529/232223.891:ERROR:in_progress_cache_impl.cc(189)] Cache is not initialized, cannot RetrieveEntry.
5월 29, 2018 23:22:24.64 [11916:11084:0529/232223.891:ERROR:in_progress_cache_impl.cc(189)] Cache is not initialized, cannot RetrieveEntry.
5월 29, 2018 23:22:24.66 [11916:11084:0529/232223.891:ERROR:in_progress_cache_impl.cc(189)] Cache is not initialized, cannot RetrieveEntry.
5월 29, 2018 23:22:24.66 [11916:11084:0529/232223.891:ERROR:in_progress_cache_impl.cc(189)] Cache is not initialized, cannot RetrieveEntry.
5월 29, 2018 23:22:24.67 [11916:11084:0529/232223.891:ERROR:in_progress_cache_impl.cc(189)] Cache is not initialized, cannot RetrieveEntry.
5월 29, 2018 23:22:24.69 [11916:5112:0529/232223.891:ERROR:in_progress_cache_impl.cc(93)] Could not read download entries from file because there was a read failure.
5월 29, 2018 23:22:24.69 [11916:11084:0529/232224.256:ERROR:in_progress_cache_impl.cc(189)] Cache is not initialized, cannot RetrieveEntry.
5월 29, 2018 23:22:24.70 [11916:11084:0529/232224.256:ERROR:in_progress_cache_impl.cc(189)] Cache is not initialized, cannot RetrieveEntry.
5월 29, 2018 23:22:24.70 [11916:11084:0529/232224.256:ERROR:in_progress_cache_impl.cc(189)] Cache is not initialized, cannot RetrieveEntry.
5월 29, 2018 23:22:24.70 [11916:11084:0529/232224.256:ERROR:in_progress_cache_impl.cc(189)] Cache is not initialized, cannot RetrieveEntry.
5월 29, 2018 23:22:24.72 [11916:11084:0529/232224.256:ERROR:in_progress_cache_impl.cc(189)] Cache is not initialized, cannot RetrieveEntry.
5월 29, 2018 23:22:24.72 [11916:11084:0529/232224.256:ERROR:in_progress_cache_impl.cc(189)] Cache is not initialized, cannot RetrieveEntry.
5월 29, 2018 23:22:24.74 [11916:11084:0529/232224.287:ERROR:gpu_process_transport_factory.cc(1007)] Lost UI shared context.
5월 29, 2018 23:29:00.46 Unable to read VR Path Registry from C:\Users\jazzh\AppData\Local\openvr\openvrpaths.vrpath
5월 29, 2018 23:29:35.33 [1832:11220:0529/232935.332:ERROR:in_progress_cache_impl.cc(93)] Could not read download entries from file because there was a read failure.
5월 29, 2018 23:29:35.44 [1832:8248:0529/232935.441:ERROR:in_progress_cache_impl.cc(189)] Cache is not initialized, cannot RetrieveEntry.
5월 29, 2018 23:29:35.48 [1832:8248:0529/232935.441:ERROR:in_progress_cache_impl.cc(189)] Cache is not initialized, cannot RetrieveEntry.
5월 29, 2018 23:29:35.50 [1832:8248:0529/232935.441:ERROR:in_progress_cache_impl.cc(189)] Cache is not initialized, cannot RetrieveEntry.
5월 29, 2018 23:29:35.52 [1832:8248:0529/232935.441:ERROR:in_progress_cache_impl.cc(189)] Cache is not initialized, cannot RetrieveEntry.
5월 29, 2018 23:29:35.52 [1832:8248:0529/232935.441:ERROR:in_progress_cache_impl.cc(189)] Cache is not initialized, cannot RetrieveEntry.
5월 29, 2018 23:29:35.52 [1832:8248:0529/232935.441:ERROR:in_progress_cache_impl.cc(189)] Cache is not initialized, cannot RetrieveEntry.
5월 29, 2018 23:29:35.53 [1832:8248:0529/232935.441:ERROR:in_progress_cache_impl.cc(189)] Cache is not initialized, cannot RetrieveEntry.
5월 29, 2018 23:29:35.53 [1832:8248:0529/232935.441:ERROR:in_progress_cache_impl.cc(189)] Cache is not initialized, cannot RetrieveEntry.
5월 29, 2018 23:29:35.55 [1832:8248:0529/232935.441:ERROR:in_progress_cache_impl.cc(189)] Cache is not initialized, cannot RetrieveEntry.
5월 29, 2018 23:29:35.55 [1832:8248:0529/232935.441:ERROR:in_progress_cache_impl.cc(189)] Cache is not initialized, cannot RetrieveEntry.
5월 29, 2018 23:29:35.56 [1832:8248:0529/232935.441:ERROR:in_progress_cache_impl.cc(189)] Cache is not initialized, cannot RetrieveEntry.
5월 29, 2018 23:29:35.56 [1832:8248:0529/232935.441:ERROR:in_progress_cache_impl.cc(189)] Cache is not initialized, cannot RetrieveEntry.
5월 29, 2018 23:29:35.56 [1832:8248:0529/232935.441:ERROR:in_progress_cache_impl.cc(189)] Cache is not initialized, cannot RetrieveEntry.
5월 29, 2018 23:29:35.58 [1832:8248:0529/232935.441:ERROR:in_progress_cache_impl.cc(189)] Cache is not initialized, cannot RetrieveEntry.
5월 29, 2018 23:29:35.58 [1832:8248:0529/232935.441:ERROR:in_progress_cache_impl.cc(189)] Cache is not initialized, cannot RetrieveEntry.
5월 29, 2018 23:29:35.59 [1832:8248:0529/232935.441:ERROR:in_progress_cache_impl.cc(189)] Cache is not initialized, cannot RetrieveEntry.
5월 29, 2018 23:29:35.59 [1832:8248:0529/232935.441:ERROR:in_progress_cache_impl.cc(189)] Cache is not initialized, cannot RetrieveEntry.
5월 29, 2018 23:29:35.59 [1832:8248:0529/232935.441:ERROR:in_progress_cache_impl.cc(189)] Cache is not initialized, cannot RetrieveEntry.
5월 29, 2018 23:29:35.61 [1832:8248:0529/232935.441:ERROR:in_progress_cache_impl.cc(189)] Cache is not initialized, cannot RetrieveEntry.
5월 29, 2018 23:29:35.61 [1832:8248:0529/232935.441:ERROR:in_progress_cache_impl.cc(189)] Cache is not initialized, cannot RetrieveEntry.
5월 29, 2018 23:29:35.62 [1832:8248:0529/232935.441:ERROR:in_progress_cache_impl.cc(189)] Cache is not initialized, cannot RetrieveEntry.
5월 29, 2018 23:29:35.62 [1832:8248:0529/232935.441:ERROR:in_progress_cache_impl.cc(189)] Cache is not initialized, cannot RetrieveEntry.
5월 29, 2018 23:29:35.64 [1832:8248:0529/232935.441:ERROR:in_progress_cache_impl.cc(189)] Cache is not initialized, cannot RetrieveEntry.
5월 29, 2018 23:29:35.66 [1832:8248:0529/232935.441:ERROR:in_progress_cache_impl.cc(189)] Cache is not initialized, cannot RetrieveEntry.
5월 29, 2018 23:29:35.67 [1832:8248:0529/232935.441:ERROR:in_progress_cache_impl.cc(189)] Cache is not initialized, cannot RetrieveEntry.
5월 29, 2018 23:29:35.73 [1832:8248:0529/232935.441:ERROR:in_progress_cache_impl.cc(189)] Cache is not initialized, cannot RetrieveEntry.
5월 29, 2018 23:29:35.74 [1832:8248:0529/232935.441:ERROR:in_progress_cache_impl.cc(189)] Cache is not initialized, cannot RetrieveEntry.
5월 29, 2018 23:29:35.75 [1832:8248:0529/232935.441:ERROR:in_progress_cache_impl.cc(189)] Cache is not initialized, cannot RetrieveEntry.
5월 29, 2018 23:29:35.76 [1832:8248:0529/232935.441:ERROR:in_progress_cache_impl.cc(189)] Cache is not initialized, cannot RetrieveEntry.
5월 29, 2018 23:29:35.77 [1832:8248:0529/232935.441:ERROR:in_progress_cache_impl.cc(189)] Cache is not initialized, cannot RetrieveEntry.
5월 29, 2018 23:29:35.79 [1832:8248:0529/232935.441:ERROR:in_progress_cache_impl.cc(189)] Cache is not initialized, cannot RetrieveEntry.
5월 29, 2018 23:29:35.81 [1832:8248:0529/232935.441:ERROR:in_progress_cache_impl.cc(189)] Cache is not initialized, cannot RetrieveEntry.
5월 29, 2018 23:29:35.82 [1832:8248:0529/232935.441:ERROR:in_progress_cache_impl.cc(189)] Cache is not initialized, cannot RetrieveEntry.
5월 29, 2018 23:29:35.84 [1832:8248:0529/232935.441:ERROR:in_progress_cache_impl.cc(189)] Cache is not initialized, cannot RetrieveEntry.
5월 29, 2018 23:29:35.85 [1832:8248:0529/232935.441:ERROR:in_progress_cache_impl.cc(189)] Cache is not initialized, cannot RetrieveEntry.
5월 29, 2018 23:29:35.86 [1832:8248:0529/232935.441:ERROR:in_progress_cache_impl.cc(189)] Cache is not initialized, cannot RetrieveEntry.
5월 29, 2018 23:29:35.87 [1832:8248:0529/232935.441:ERROR:in_progress_cache_impl.cc(189)] Cache is not initialized, cannot RetrieveEntry.
5월 29, 2018 23:29:35.88 [1832:8248:0529/232935.441:ERROR:in_progress_cache_impl.cc(189)] Cache is not initialized, cannot RetrieveEntry.
5월 29, 2018 23:29:35.88 [1832:8248:0529/232935.441:ERROR:in_progress_cache_impl.cc(189)] Cache is not initialized, cannot RetrieveEntry.
5월 29, 2018 23:29:35.88 [1832:8248:0529/232935.441:ERROR:in_progress_cache_impl.cc(189)] Cache is not initialized, cannot RetrieveEntry.
5월 29, 2018 23:29:35.90 [1832:8248:0529/232935.441:ERROR:in_progress_cache_impl.cc(189)] Cache is not initialized, cannot RetrieveEntry.
5월 29, 2018 23:29:35.91 [1832:8248:0529/232935.441:ERROR:in_progress_cache_impl.cc(189)] Cache is not initialized, cannot RetrieveEntry.
5월 29, 2018 23:29:35.91 [1832:8248:0529/232935.441:ERROR:in_progress_cache_impl.cc(189)] Cache is not initialized, cannot RetrieveEntry.
5월 29, 2018 23:29:35.93 [1832:8248:0529/232935.441:ERROR:in_progress_cache_impl.cc(189)] Cache is not initialized, cannot RetrieveEntry.
5월 29, 2018 23:29:35.93 [1832:8248:0529/232935.441:ERROR:in_progress_cache_impl.cc(189)] Cache is not initialized, cannot RetrieveEntry.
5월 29, 2018 23:29:35.94 [1832:8248:0529/232935.441:ERROR:in_progress_cache_impl.cc(189)] Cache is not initialized, cannot RetrieveEntry.
5월 29, 2018 23:29:35.96 [1832:8248:0529/232935.441:ERROR:in_progress_cache_impl.cc(189)] Cache is not initialized, cannot RetrieveEntry.
5월 29, 2018 23:29:35.96 [1832:8248:0529/232935.441:ERROR:in_progress_cache_impl.cc(189)] Cache is not initialized, cannot RetrieveEntry.
5월 29, 2018 23:29:35.97 [1832:8248:0529/232935.441:ERROR:in_progress_cache_impl.cc(189)] Cache is not initialized, cannot RetrieveEntry.
5월 29, 2018 23:29:35.97 [1832:8248:0529/232935.441:ERROR:in_progress_cache_impl.cc(189)] Cache is not initialized, cannot RetrieveEntry.
5월 29, 2018 23:29:35.99 [1832:8248:0529/232935.441:ERROR:in_progress_cache_impl.cc(189)] Cache is not initialized, cannot RetrieveEntry.
5월 29, 2018 23:29:35.99 [1832:8248:0529/232935.441:ERROR:in_progress_cache_impl.cc(189)] Cache is not initialized, cannot RetrieveEntry.
5월 29, 2018 23:29:36.01 [1832:8248:0529/232935.441:ERROR:in_progress_cache_impl.cc(189)] Cache is not initialized, cannot RetrieveEntry.
5월 29, 2018 23:29:36.02 [1832:8248:0529/232935.441:ERROR:in_progress_cache_impl.cc(189)] Cache is not initialized, cannot RetrieveEntry.
5월 29, 2018 23:29:36.03 [1832:8248:0529/232935.441:ERROR:in_progress_cache_impl.cc(189)] Cache is not initialized, cannot RetrieveEntry.
5월 29, 2018 23:29:36.04 [1832:8248:0529/232935.613:ERROR:in_progress_cache_impl.cc(189)] Cache is not initialized, cannot RetrieveEntry.
5월 29, 2018 23:29:36.04 [1832:8248:0529/232935.613:ERROR:in_progress_cache_impl.cc(189)] Cache is not initialized, cannot RetrieveEntry.
5월 29, 2018 23:29:36.05 [1832:8248:0529/232935.613:ERROR:in_progress_cache_impl.cc(189)] Cache is not initialized, cannot RetrieveEntry.
5월 29, 2018 23:29:36.06 [1832:8248:0529/232935.613:ERROR:in_progress_cache_impl.cc(189)] Cache is not initialized, cannot RetrieveEntry.
5월 29, 2018 23:29:36.07 [1832:8248:0529/232935.613:ERROR:in_progress_cache_impl.cc(189)] Cache is not initialized, cannot RetrieveEntry.
5월 29, 2018 23:29:36.07 [1832:8248:0529/232935.613:ERROR:in_progress_cache_impl.cc(189)] Cache is not initialized, cannot RetrieveEntry.
5월 29, 2018 23:29:36.08 [1832:8248:0529/232935.613:ERROR:in_progress_cache_impl.cc(189)] Cache is not initialized, cannot RetrieveEntry.
5월 29, 2018 23:29:36.09 [1832:8248:0529/232935.613:ERROR:in_progress_cache_impl.cc(189)] Cache is not initialized, cannot RetrieveEntry.
5월 29, 2018 23:29:36.09 [1832:8248:0529/232935.613:ERROR:in_progress_cache_impl.cc(189)] Cache is not initialized, cannot RetrieveEntry.
5월 29, 2018 23:29:36.10 [1832:8248:0529/232935.613:ERROR:in_progress_cache_impl.cc(189)] Cache is not initialized, cannot RetrieveEntry.
5월 29, 2018 23:29:36.11 [1832:8248:0529/232935.613:ERROR:in_progress_cache_impl.cc(189)] Cache is not initialized, cannot RetrieveEntry.
5월 29, 2018 23:29:36.11 [1832:8248:0529/232935.613:ERROR:in_progress_cache_impl.cc(189)] Cache is not initialized, cannot RetrieveEntry.
5월 29, 2018 23:29:36.12 [1832:8248:0529/232935.613:ERROR:in_progress_cache_impl.cc(189)] Cache is not initialized, cannot RetrieveEntry.
5월 29, 2018 23:29:36.13 [1832:8248:0529/232935.613:ERROR:in_progress_cache_impl.cc(189)] Cache is not initialized, cannot RetrieveEntry.
5월 29, 2018 23:29:36.14 [1832:8248:0529/232935.613:ERROR:in_progress_cache_impl.cc(189)] Cache is not initialized, cannot RetrieveEntry.
5월 29, 2018 23:29:36.14 [1832:8248:0529/232935.613:ERROR:in_progress_cache_impl.cc(189)] Cache is not initialized, cannot RetrieveEntry.
5월 29, 2018 23:29:36.15 [1832:8248:0529/232935.613:ERROR:in_progress_cache_impl.cc(189)] Cache is not initialized, cannot RetrieveEntry.
5월 29, 2018 23:29:36.15 [1832:8248:0529/232935.613:ERROR:in_progress_cache_impl.cc(189)] Cache is not initialized, cannot RetrieveEntry.
5월 29, 2018 23:29:36.16 [1832:8248:0529/232935.613:ERROR:in_progress_cache_impl.cc(189)] Cache is not initialized, cannot RetrieveEntry.
5월 29, 2018 23:29:36.17 [1832:8248:0529/232935.613:ERROR:in_progress_cache_impl.cc(189)] Cache is not initialized, cannot RetrieveEntry.
5월 29, 2018 23:29:36.17 [1832:8248:0529/232935.613:ERROR:in_progress_cache_impl.cc(189)] Cache is not initialized, cannot RetrieveEntry.
5월 29, 2018 23:29:36.18 [1832:8248:0529/232935.613:ERROR:in_progress_cache_impl.cc(189)] Cache is not initialized, cannot RetrieveEntry.
5월 29, 2018 23:29:36.18 [1832:8248:0529/232935.613:ERROR:in_progress_cache_impl.cc(189)] Cache is not initialized, cannot RetrieveEntry.
5월 29, 2018 23:29:36.19 [1832:8248:0529/232935.613:ERROR:in_progress_cache_impl.cc(189)] Cache is not initialized, cannot RetrieveEntry.
5월 29, 2018 23:29:36.20 [1832:8248:0529/232935.645:ERROR:gpu_process_transport_factory.cc(1007)] Lost UI shared context.
5월 29, 2018 23:30:21.55 [10480:9464:0529/233021.557:ERROR:in_progress_cache_impl.cc(93)] Could not read download entries from file because there was a read failure.
5월 29, 2018 23:30:21.65 [10480:7980:0529/233021.650:ERROR:in_progress_cache_impl.cc(189)] Cache is not initialized, cannot RetrieveEntry.
5월 29, 2018 23:30:21.69 [10480:7980:0529/233021.650:ERROR:in_progress_cache_impl.cc(189)] Cache is not initialized, cannot RetrieveEntry.
5월 29, 2018 23:30:21.71 [10480:7980:0529/233021.650:ERROR:in_progress_cache_impl.cc(189)] Cache is not initialized, cannot RetrieveEntry.
5월 29, 2018 23:30:21.72 [10480:7980:0529/233021.650:ERROR:in_progress_cache_impl.cc(189)] Cache is not initialized, cannot RetrieveEntry.
5월 29, 2018 23:30:21.72 [10480:7980:0529/233021.650:ERROR:in_progress_cache_impl.cc(189)] Cache is not initialized, cannot RetrieveEntry.
5월 29, 2018 23:30:21.74 [10480:7980:0529/233021.650:ERROR:in_progress_cache_impl.cc(189)] Cache is not initialized, cannot RetrieveEntry.
5월 29, 2018 23:30:21.74 [10480:7980:0529/233021.650:ERROR:in_progress_cache_impl.cc(189)] Cache is not initialized, cannot RetrieveEntry.
5월 29, 2018 23:30:21.76 [10480:7980:0529/233021.650:ERROR:in_progress_cache_impl.cc(189)] Cache is not initialized, cannot RetrieveEntry.
5월 29, 2018 23:30:21.76 [10480:7980:0529/233021.650:ERROR:in_progress_cache_impl.cc(189)] Cache is not initialized, cannot RetrieveEntry.
5월 29, 2018 23:30:21.77 [10480:7980:0529/233021.650:ERROR:in_progress_cache_impl.cc(189)] Cache is not initialized, cannot RetrieveEntry.
5월 29, 2018 23:30:21.77 [10480:7980:0529/233021.650:ERROR:in_progress_cache_impl.cc(189)] Cache is not initialized, cannot RetrieveEntry.
5월 29, 2018 23:30:21.79 [10480:7980:0529/233021.650:ERROR:in_progress_cache_impl.cc(189)] Cache is not initialized, cannot RetrieveEntry.
5월 29, 2018 23:30:21.79 [10480:7980:0529/233021.650:ERROR:in_progress_cache_impl.cc(189)] Cache is not initialized, cannot RetrieveEntry.
5월 29, 2018 23:30:21.79 [10480:7980:0529/233021.650:ERROR:in_progress_cache_impl.cc(189)] Cache is not initialized, cannot RetrieveEntry.
5월 29, 2018 23:30:21.80 [10480:7980:0529/233021.650:ERROR:in_progress_cache_impl.cc(189)] Cache is not initialized, cannot RetrieveEntry.
5월 29, 2018 23:30:21.80 [10480:7980:0529/233021.650:ERROR:in_progress_cache_impl.cc(189)] Cache is not initialized, cannot RetrieveEntry.
5월 29, 2018 23:30:21.80 [10480:7980:0529/233021.650:ERROR:in_progress_cache_impl.cc(189)] Cache is not initialized, cannot RetrieveEntry.
5월 29, 2018 23:30:21.82 [10480:7980:0529/233021.650:ERROR:in_progress_cache_impl.cc(189)] Cache is not initialized, cannot RetrieveEntry.
5월 29, 2018 23:30:21.82 [10480:7980:0529/233021.650:ERROR:in_progress_cache_impl.cc(189)] Cache is not initialized, cannot RetrieveEntry.
5월 29, 2018 23:30:21.83 [10480:7980:0529/233021.650:ERROR:in_progress_cache_impl.cc(189)] Cache is not initialized, cannot RetrieveEntry.
5월 29, 2018 23:30:21.83 [10480:7980:0529/233021.650:ERROR:in_progress_cache_impl.cc(189)] Cache is not initialized, cannot RetrieveEntry.
5월 29, 2018 23:30:21.83 [10480:7980:0529/233021.650:ERROR:in_progress_cache_impl.cc(189)] Cache is not initialized, cannot RetrieveEntry.
5월 29, 2018 23:30:21.85 [10480:7980:0529/233021.650:ERROR:in_progress_cache_impl.cc(189)] Cache is not initialized, cannot RetrieveEntry.
5월 29, 2018 23:30:21.85 [10480:7980:0529/233021.650:ERROR:in_progress_cache_impl.cc(189)] Cache is not initialized, cannot RetrieveEntry.
5월 29, 2018 23:30:21.85 [10480:7980:0529/233021.650:ERROR:in_progress_cache_impl.cc(189)] Cache is not initialized, cannot RetrieveEntry.
5월 29, 2018 23:30:21.85 [10480:7980:0529/233021.650:ERROR:in_progress_cache_impl.cc(189)] Cache is not initialized, cannot RetrieveEntry.
5월 29, 2018 23:30:21.86 [10480:7980:0529/233021.650:ERROR:in_progress_cache_impl.cc(189)] Cache is not initialized, cannot RetrieveEntry.
5월 29, 2018 23:30:21.86 [10480:7980:0529/233021.650:ERROR:in_progress_cache_impl.cc(189)] Cache is not initialized, cannot RetrieveEntry.
5월 29, 2018 23:30:21.86 [10480:7980:0529/233021.650:ERROR:in_progress_cache_impl.cc(189)] Cache is not initialized, cannot RetrieveEntry.
5월 29, 2018 23:30:21.88 [10480:7980:0529/233021.650:ERROR:in_progress_cache_impl.cc(189)] Cache is not initialized, cannot RetrieveEntry.
5월 29, 2018 23:30:21.88 [10480:7980:0529/233021.650:ERROR:in_progress_cache_impl.cc(189)] Cache is not initialized, cannot RetrieveEntry.
5월 29, 2018 23:30:21.88 [10480:7980:0529/233021.650:ERROR:in_progress_cache_impl.cc(189)] Cache is not initialized, cannot RetrieveEntry.
5월 29, 2018 23:30:21.89 [10480:7980:0529/233021.650:ERROR:in_progress_cache_impl.cc(189)] Cache is not initialized, cannot RetrieveEntry.
5월 29, 2018 23:30:21.89 [10480:7980:0529/233021.650:ERROR:in_progress_cache_impl.cc(189)] Cache is not initialized, cannot RetrieveEntry.
5월 29, 2018 23:30:21.89 [10480:7980:0529/233021.650:ERROR:in_progress_cache_impl.cc(189)] Cache is not initialized, cannot RetrieveEntry.
5월 29, 2018 23:30:21.91 [10480:7980:0529/233021.650:ERROR:in_progress_cache_impl.cc(189)] Cache is not initialized, cannot RetrieveEntry.
5월 29, 2018 23:30:21.91 [10480:7980:0529/233021.650:ERROR:in_progress_cache_impl.cc(189)] Cache is not initialized, cannot RetrieveEntry.
5월 29, 2018 23:30:21.91 [10480:7980:0529/233021.697:ERROR:in_progress_cache_impl.cc(189)] Cache is not initialized, cannot RetrieveEntry.
5월 29, 2018 23:30:21.92 [10480:7980:0529/233021.697:ERROR:in_progress_cache_impl.cc(189)] Cache is not initialized, cannot RetrieveEntry.
5월 29, 2018 23:30:21.92 [10480:7980:0529/233021.697:ERROR:in_progress_cache_impl.cc(189)] Cache is not initialized, cannot RetrieveEntry.
5월 29, 2018 23:30:21.92 [10480:7980:0529/233021.697:ERROR:in_progress_cache_impl.cc(189)] Cache is not initialized, cannot RetrieveEntry.
5월 29, 2018 23:30:21.96 [10480:7980:0529/233021.697:ERROR:in_progress_cache_impl.cc(189)] Cache is not initialized, cannot RetrieveEntry.
5월 29, 2018 23:30:21.96 [10480:7980:0529/233021.697:ERROR:in_progress_cache_impl.cc(189)] Cache is not initialized, cannot RetrieveEntry.
5월 29, 2018 23:30:21.99 [10480:7980:0529/233021.697:ERROR:in_progress_cache_impl.cc(189)] Cache is not initialized, cannot RetrieveEntry.
5월 29, 2018 23:30:22.01 [10480:7980:0529/233021.697:ERROR:in_progress_cache_impl.cc(189)] Cache is not initialized, cannot RetrieveEntry.
5월 29, 2018 23:30:22.02 [10480:7980:0529/233021.697:ERROR:in_progress_cache_impl.cc(189)] Cache is not initialized, cannot RetrieveEntry.
5월 29, 2018 23:30:22.03 [10480:7980:0529/233021.697:ERROR:in_progress_cache_impl.cc(189)] Cache is not initialized, cannot RetrieveEntry.
5월 29, 2018 23:30:22.04 [10480:7980:0529/233021.697:ERROR:in_progress_cache_impl.cc(189)] Cache is not initialized, cannot RetrieveEntry.
5월 29, 2018 23:30:22.05 [10480:7980:0529/233021.697:ERROR:in_progress_cache_impl.cc(189)] Cache is not initialized, cannot RetrieveEntry.
5월 29, 2018 23:30:22.07 [10480:7980:0529/233021.697:ERROR:in_progress_cache_impl.cc(189)] Cache is not initialized, cannot RetrieveEntry.
5월 29, 2018 23:30:22.08 [10480:7980:0529/233021.697:ERROR:in_progress_cache_impl.cc(189)] Cache is not initialized, cannot RetrieveEntry.
5월 29, 2018 23:30:22.09 [10480:7980:0529/233021.697:ERROR:in_progress_cache_impl.cc(189)] Cache is not initialized, cannot RetrieveEntry.
5월 29, 2018 23:30:22.10 [10480:7980:0529/233021.697:ERROR:in_progress_cache_impl.cc(189)] Cache is not initialized, cannot RetrieveEntry.
5월 29, 2018 23:30:22.11 [10480:7980:0529/233021.697:ERROR:in_progress_cache_impl.cc(189)] Cache is not initialized, cannot RetrieveEntry.
5월 29, 2018 23:30:22.14 [10480:7980:0529/233021.697:ERROR:in_progress_cache_impl.cc(189)] Cache is not initialized, cannot RetrieveEntry.
5월 29, 2018 23:30:22.15 [10480:7980:0529/233021.697:ERROR:in_progress_cache_impl.cc(189)] Cache is not initialized, cannot RetrieveEntry.
5월 29, 2018 23:30:22.16 [10480:7980:0529/233021.697:ERROR:in_progress_cache_impl.cc(189)] Cache is not initialized, cannot RetrieveEntry.
5월 29, 2018 23:30:22.17 [10480:7980:0529/233021.697:ERROR:in_progress_cache_impl.cc(189)] Cache is not initialized, cannot RetrieveEntry.
5월 29, 2018 23:30:22.18 [10480:7980:0529/233021.697:ERROR:in_progress_cache_impl.cc(189)] Cache is not initialized, cannot RetrieveEntry.
5월 29, 2018 23:30:22.19 [10480:7980:0529/233021.697:ERROR:in_progress_cache_impl.cc(189)] Cache is not initialized, cannot RetrieveEntry.
5월 29, 2018 23:30:22.20 [10480:7980:0529/233021.697:ERROR:in_progress_cache_impl.cc(189)] Cache is not initialized, cannot RetrieveEntry.
5월 29, 2018 23:30:22.21 [10480:7980:0529/233021.697:ERROR:in_progress_cache_impl.cc(189)] Cache is not initialized, cannot RetrieveEntry.
5월 29, 2018 23:30:22.22 [10480:7980:0529/233021.697:ERROR:in_progress_cache_impl.cc(189)] Cache is not initialized, cannot RetrieveEntry.
5월 29, 2018 23:30:22.23 [10480:7980:0529/233021.697:ERROR:in_progress_cache_impl.cc(189)] Cache is not initialized, cannot RetrieveEntry.
5월 29, 2018 23:30:22.24 [10480:7980:0529/233021.697:ERROR:in_progress_cache_impl.cc(189)] Cache is not initialized, cannot RetrieveEntry.
5월 29, 2018 23:30:22.25 [10480:7980:0529/233021.697:ERROR:in_progress_cache_impl.cc(189)] Cache is not initialized, cannot RetrieveEntry.
5월 29, 2018 23:30:22.26 [10480:7980:0529/233021.697:ERROR:in_progress_cache_impl.cc(189)] Cache is not initialized, cannot RetrieveEntry.
5월 29, 2018 23:30:22.27 [10480:7980:0529/233021.697:ERROR:in_progress_cache_impl.cc(189)] Cache is not initialized, cannot RetrieveEntry.
5월 29, 2018 23:30:22.29 [10480:7980:0529/233021.697:ERROR:in_progress_cache_impl.cc(189)] Cache is not initialized, cannot RetrieveEntry.
5월 29, 2018 23:30:22.30 [10480:7980:0529/233021.697:ERROR:in_progress_cache_impl.cc(189)] Cache is not initialized, cannot RetrieveEntry.
5월 29, 2018 23:30:22.31 [10480:7980:0529/233021.697:ERROR:in_progress_cache_impl.cc(189)] Cache is not initialized, cannot RetrieveEntry.
5월 29, 2018 23:30:22.32 [10480:7980:0529/233021.697:ERROR:in_progress_cache_impl.cc(189)] Cache is not initialized, cannot RetrieveEntry.
5월 29, 2018 23:30:22.33 [10480:7980:0529/233021.697:ERROR:in_progress_cache_impl.cc(189)] Cache is not initialized, cannot RetrieveEntry.
5월 29, 2018 23:30:22.34 [10480:7980:0529/233021.913:ERROR:in_progress_cache_impl.cc(189)] Cache is not initialized, cannot RetrieveEntry.
5월 29, 2018 23:30:22.35 [10480:7980:0529/233021.913:ERROR:in_progress_cache_impl.cc(189)] Cache is not initialized, cannot RetrieveEntry.
5월 29, 2018 23:30:22.36 [10480:7980:0529/233021.913:ERROR:in_progress_cache_impl.cc(189)] Cache is not initialized, cannot RetrieveEntry.
5월 29, 2018 23:30:22.36 [10480:7980:0529/233021.913:ERROR:in_progress_cache_impl.cc(189)] Cache is not initialized, cannot RetrieveEntry.
5월 29, 2018 23:30:22.37 [10480:7980:0529/233021.913:ERROR:in_progress_cache_impl.cc(189)] Cache is not initialized, cannot RetrieveEntry.
5월 29, 2018 23:30:22.38 [10480:7980:0529/233021.913:ERROR:in_progress_cache_impl.cc(189)] Cache is not initialized, cannot RetrieveEntry.
5월 29, 2018 23:30:22.39 [10480:7980:0529/233021.945:ERROR:gpu_process_transport_factory.cc(1007)] Lost UI shared context.
5월 29, 2018 23:56:36.25 [4208:4848:0529/235636.243:ERROR:in_progress_cache_impl.cc(189)] Cache is not initialized, cannot RetrieveEntry.
5월 29, 2018 23:56:36.33 [4208:4848:0529/235636.243:ERROR:in_progress_cache_impl.cc(189)] Cache is not initialized, cannot RetrieveEntry.
5월 29, 2018 23:56:36.44 [4208:4848:0529/235636.243:ERROR:in_progress_cache_impl.cc(189)] Cache is not initialized, cannot RetrieveEntry.
5월 29, 2018 23:56:36.46 [4208:4848:0529/235636.243:ERROR:in_progress_cache_impl.cc(189)] Cache is not initialized, cannot RetrieveEntry.
5월 29, 2018 23:56:36.48 [4208:4848:0529/235636.243:ERROR:in_progress_cache_impl.cc(189)] Cache is not initialized, cannot RetrieveEntry.
5월 29, 2018 23:56:36.50 [4208:4848:0529/235636.243:ERROR:in_progress_cache_impl.cc(189)] Cache is not initialized, cannot RetrieveEntry.
5월 29, 2018 23:56:36.54 [4208:4848:0529/235636.243:ERROR:in_progress_cache_impl.cc(189)] Cache is not initialized, cannot RetrieveEntry.
5월 29, 2018 23:56:36.56 [4208:4848:0529/235636.243:ERROR:in_progress_cache_impl.cc(189)] Cache is not initialized, cannot RetrieveEntry.
5월 29, 2018 23:56:36.58 [4208:4848:0529/235636.243:ERROR:in_progress_cache_impl.cc(189)] Cache is not initialized, cannot RetrieveEntry.
5월 29, 2018 23:56:36.59 [4208:4848:0529/235636.243:ERROR:in_progress_cache_impl.cc(189)] Cache is not initialized, cannot RetrieveEntry.
5월 29, 2018 23:56:36.60 [4208:4848:0529/235636.243:ERROR:in_progress_cache_impl.cc(189)] Cache is not initialized, cannot RetrieveEntry.
5월 29, 2018 23:56:36.61 [4208:4848:0529/235636.243:ERROR:in_progress_cache_impl.cc(189)] Cache is not initialized, cannot RetrieveEntry.
5월 29, 2018 23:56:36.62 [4208:4848:0529/235636.243:ERROR:in_progress_cache_impl.cc(189)] Cache is not initialized, cannot RetrieveEntry.
5월 29, 2018 23:56:36.63 [4208:4848:0529/235636.243:ERROR:in_progress_cache_impl.cc(189)] Cache is not initialized, cannot RetrieveEntry.
5월 29, 2018 23:56:36.64 [4208:4848:0529/235636.243:ERROR:in_progress_cache_impl.cc(189)] Cache is not initialized, cannot RetrieveEntry.
5월 29, 2018 23:56:36.67 [4208:4848:0529/235636.243:ERROR:in_progress_cache_impl.cc(189)] Cache is not initialized, cannot RetrieveEntry.
5월 29, 2018 23:56:36.68 [4208:4848:0529/235636.243:ERROR:in_progress_cache_impl.cc(189)] Cache is not initialized, cannot RetrieveEntry.
5월 29, 2018 23:56:36.70 [4208:4848:0529/235636.243:ERROR:in_progress_cache_impl.cc(189)] Cache is not initialized, cannot RetrieveEntry.
5월 29, 2018 23:56:36.73 [4208:4848:0529/235636.243:ERROR:in_progress_cache_impl.cc(189)] Cache is not initialized, cannot RetrieveEntry.
5월 29, 2018 23:56:36.75 [4208:4848:0529/235636.243:ERROR:in_progress_cache_impl.cc(189)] Cache is not initialized, cannot RetrieveEntry.
5월 29, 2018 23:56:36.76 [4208:4848:0529/235636.243:ERROR:in_progress_cache_impl.cc(189)] Cache is not initialized, cannot RetrieveEntry.
5월 29, 2018 23:56:36.77 [4208:4848:0529/235636.243:ERROR:in_progress_cache_impl.cc(189)] Cache is not initialized, cannot RetrieveEntry.
5월 29, 2018 23:56:36.80 [4208:4848:0529/235636.243:ERROR:in_progress_cache_impl.cc(189)] Cache is not initialized, cannot RetrieveEntry.
5월 29, 2018 23:56:36.81 [4208:4848:0529/235636.243:ERROR:in_progress_cache_impl.cc(189)] Cache is not initialized, cannot RetrieveEntry.
5월 29, 2018 23:56:36.82 [4208:4848:0529/235636.243:ERROR:in_progress_cache_impl.cc(189)] Cache is not initialized, cannot RetrieveEntry.
5월 29, 2018 23:56:36.83 [4208:4848:0529/235636.243:ERROR:in_progress_cache_impl.cc(189)] Cache is not initialized, cannot RetrieveEntry.
5월 29, 2018 23:56:36.83 [4208:4848:0529/235636.243:ERROR:in_progress_cache_impl.cc(189)] Cache is not initialized, cannot RetrieveEntry.
5월 29, 2018 23:56:36.85 [4208:4848:0529/235636.243:ERROR:in_progress_cache_impl.cc(189)] Cache is not initialized, cannot RetrieveEntry.
5월 29, 2018 23:56:36.86 [4208:4848:0529/235636.243:ERROR:in_progress_cache_impl.cc(189)] Cache is not initialized, cannot RetrieveEntry.
5월 29, 2018 23:56:36.88 [4208:4848:0529/235636.243:ERROR:in_progress_cache_impl.cc(189)] Cache is not initialized, cannot RetrieveEntry.
5월 29, 2018 23:56:36.88 [4208:4848:0529/235636.243:ERROR:in_progress_cache_impl.cc(189)] Cache is not initialized, cannot RetrieveEntry.
5월 29, 2018 23:56:36.89 [4208:4848:0529/235636.243:ERROR:in_progress_cache_impl.cc(189)] Cache is not initialized, cannot RetrieveEntry.
5월 29, 2018 23:56:36.89 [4208:4848:0529/235636.243:ERROR:in_progress_cache_impl.cc(189)] Cache is not initialized, cannot RetrieveEntry.
5월 29, 2018 23:56:36.91 [4208:4848:0529/235636.243:ERROR:in_progress_cache_impl.cc(189)] Cache is not initialized, cannot RetrieveEntry.
5월 29, 2018 23:56:36.91 [4208:4848:0529/235636.243:ERROR:in_progress_cache_impl.cc(189)] Cache is not initialized, cannot RetrieveEntry.
5월 29, 2018 23:56:36.92 [4208:4848:0529/235636.243:ERROR:in_progress_cache_impl.cc(189)] Cache is not initialized, cannot RetrieveEntry.
5월 29, 2018 23:56:36.92 [4208:4848:0529/235636.243:ERROR:in_progress_cache_impl.cc(189)] Cache is not initialized, cannot RetrieveEntry.
5월 29, 2018 23:56:36.94 [4208:4848:0529/235636.243:ERROR:in_progress_cache_impl.cc(189)] Cache is not initialized, cannot RetrieveEntry.
5월 29, 2018 23:56:36.96 [4208:4848:0529/235636.243:ERROR:in_progress_cache_impl.cc(189)] Cache is not initialized, cannot RetrieveEntry.
5월 29, 2018 23:56:36.96 [4208:4848:0529/235636.243:ERROR:in_progress_cache_impl.cc(189)] Cache is not initialized, cannot RetrieveEntry.
5월 29, 2018 23:56:36.97 [4208:4848:0529/235636.243:ERROR:in_progress_cache_impl.cc(189)] Cache is not initialized, cannot RetrieveEntry.
5월 29, 2018 23:56:36.97 [4208:4848:0529/235636.243:ERROR:in_progress_cache_impl.cc(189)] Cache is not initialized, cannot RetrieveEntry.
5월 29, 2018 23:56:36.99 [4208:4848:0529/235636.243:ERROR:in_progress_cache_impl.cc(189)] Cache is not initialized, cannot RetrieveEntry.
5월 29, 2018 23:56:36.99 [4208:4848:0529/235636.243:ERROR:in_progress_cache_impl.cc(189)] Cache is not initialized, cannot RetrieveEntry.
5월 29, 2018 23:56:37.00 [4208:4848:0529/235636.243:ERROR:in_progress_cache_impl.cc(189)] Cache is not initialized, cannot RetrieveEntry.
5월 29, 2018 23:56:37.00 [4208:4848:0529/235636.243:ERROR:in_progress_cache_impl.cc(189)] Cache is not initialized, cannot RetrieveEntry.
5월 29, 2018 23:56:37.02 [4208:4848:0529/235636.243:ERROR:in_progress_cache_impl.cc(189)] Cache is not initialized, cannot RetrieveEntry.
5월 29, 2018 23:56:37.02 [4208:4848:0529/235636.243:ERROR:in_progress_cache_impl.cc(189)] Cache is not initialized, cannot RetrieveEntry.
5월 29, 2018 23:56:37.03 [4208:4848:0529/235636.258:ERROR:in_progress_cache_impl.cc(189)] Cache is not initialized, cannot RetrieveEntry.
5월 29, 2018 23:56:37.03 [4208:4848:0529/235636.258:ERROR:in_progress_cache_impl.cc(189)] Cache is not initialized, cannot RetrieveEntry.
5월 29, 2018 23:56:37.05 [4208:4848:0529/235636.258:ERROR:in_progress_cache_impl.cc(189)] Cache is not initialized, cannot RetrieveEntry.
5월 29, 2018 23:56:37.07 [4208:4848:0529/235636.258:ERROR:in_progress_cache_impl.cc(189)] Cache is not initialized, cannot RetrieveEntry.
5월 29, 2018 23:56:37.07 [4208:4848:0529/235636.258:ERROR:in_progress_cache_impl.cc(189)] Cache is not initialized, cannot RetrieveEntry.
5월 29, 2018 23:56:37.08 [4208:4848:0529/235636.258:ERROR:in_progress_cache_impl.cc(189)] Cache is not initialized, cannot RetrieveEntry.
5월 29, 2018 23:56:37.10 [4208:4848:0529/235636.258:ERROR:in_progress_cache_impl.cc(189)] Cache is not initialized, cannot RetrieveEntry.
5월 29, 2018 23:56:37.10 [4208:4848:0529/235636.258:ERROR:in_progress_cache_impl.cc(189)] Cache is not initialized, cannot RetrieveEntry.
5월 29, 2018 23:56:37.11 [4208:4848:0529/235636.258:ERROR:in_progress_cache_impl.cc(189)] Cache is not initialized, cannot RetrieveEntry.
5월 29, 2018 23:56:37.11 [4208:4848:0529/235636.258:ERROR:in_progress_cache_impl.cc(189)] Cache is not initialized, cannot RetrieveEntry.
5월 29, 2018 23:56:37.13 [4208:4848:0529/235636.258:ERROR:in_progress_cache_impl.cc(189)] Cache is not initialized, cannot RetrieveEntry.
5월 29, 2018 23:56:37.14 [4208:4848:0529/235636.258:ERROR:in_progress_cache_impl.cc(189)] Cache is not initialized, cannot RetrieveEntry.
5월 29, 2018 23:56:37.16 [4208:4848:0529/235636.258:ERROR:in_progress_cache_impl.cc(189)] Cache is not initialized, cannot RetrieveEntry.
5월 29, 2018 23:56:37.16 [4208:4848:0529/235636.258:ERROR:in_progress_cache_impl.cc(189)] Cache is not initialized, cannot RetrieveEntry.
5월 29, 2018 23:56:37.18 [4208:4848:0529/235636.258:ERROR:in_progress_cache_impl.cc(189)] Cache is not initialized, cannot RetrieveEntry.
5월 29, 2018 23:56:37.18 [4208:4848:0529/235636.258:ERROR:in_progress_cache_impl.cc(189)] Cache is not initialized, cannot RetrieveEntry.
5월 29, 2018 23:56:37.19 [4208:4848:0529/235636.258:ERROR:in_progress_cache_impl.cc(189)] Cache is not initialized, cannot RetrieveEntry.
5월 29, 2018 23:56:37.19 [4208:4848:0529/235636.258:ERROR:in_progress_cache_impl.cc(189)] Cache is not initialized, cannot RetrieveEntry.
5월 29, 2018 23:56:37.21 [4208:4848:0529/235636.258:ERROR:in_progress_cache_impl.cc(189)] Cache is not initialized, cannot RetrieveEntry.
5월 29, 2018 23:56:37.21 [4208:4848:0529/235636.258:ERROR:in_progress_cache_impl.cc(189)] Cache is not initialized, cannot RetrieveEntry.
5월 29, 2018 23:56:37.22 [4208:4848:0529/235636.258:ERROR:in_progress_cache_impl.cc(189)] Cache is not initialized, cannot RetrieveEntry.
5월 29, 2018 23:56:37.22 [4208:4848:0529/235636.258:ERROR:in_progress_cache_impl.cc(189)] Cache is not initialized, cannot RetrieveEntry.
5월 29, 2018 23:56:37.24 [4208:4848:0529/235636.258:ERROR:in_progress_cache_impl.cc(189)] Cache is not initialized, cannot RetrieveEntry.
5월 29, 2018 23:56:37.24 [4208:4848:0529/235636.258:ERROR:in_progress_cache_impl.cc(189)] Cache is not initialized, cannot RetrieveEntry.
5월 29, 2018 23:56:37.25 [4208:4848:0529/235636.258:ERROR:in_progress_cache_impl.cc(189)] Cache is not initialized, cannot RetrieveEntry.
5월 29, 2018 23:56:37.25 [4208:4848:0529/235636.258:ERROR:in_progress_cache_impl.cc(189)] Cache is not initialized, cannot RetrieveEntry.
5월 29, 2018 23:56:37.27 [4208:4848:0529/235636.258:ERROR:in_progress_cache_impl.cc(189)] Cache is not initialized, cannot RetrieveEntry.
5월 29, 2018 23:56:37.29 [4208:4848:0529/235636.258:ERROR:in_progress_cache_impl.cc(189)] Cache is not initialized, cannot RetrieveEntry.
5월 29, 2018 23:56:37.30 [4208:4848:0529/235636.258:ERROR:in_progress_cache_impl.cc(189)] Cache is not initialized, cannot RetrieveEntry.
5월 29, 2018 23:56:37.30 [4208:4848:0529/235636.258:ERROR:in_progress_cache_impl.cc(189)] Cache is not initialized, cannot RetrieveEntry.
5월 29, 2018 23:56:37.32 [4208:4848:0529/235636.258:ERROR:in_progress_cache_impl.cc(189)] Cache is not initialized, cannot RetrieveEntry.
5월 29, 2018 23:56:37.32 [4208:5556:0529/235636.344:ERROR:in_progress_cache_impl.cc(93)] Could not read download entries from file because there was a read failure.
5월 29, 2018 23:56:37.33 [4208:4848:0529/235636.516:ERROR:gpu_process_transport_factory.cc(1007)] Lost UI shared context.
5월 29, 2018 23:57:44.65 Unable to read VR Path Registry from C:\Users\jazzh\AppData\Local\openvr\openvrpaths.vrpath
5월 29, 2018 23:57:53.06 [13092:5176:0529/235753.062:ERROR:in_progress_cache_impl.cc(93)] Could not read download entries from file because there was a read failure.
5월 29, 2018 23:57:53.18 [13092:2092:0529/235753.187:ERROR:in_progress_cache_impl.cc(189)] Cache is not initialized, cannot RetrieveEntry.
5월 29, 2018 23:57:53.21 [13092:2092:0529/235753.187:ERROR:in_progress_cache_impl.cc(189)] Cache is not initialized, cannot RetrieveEntry.
5월 29, 2018 23:57:53.23 [13092:2092:0529/235753.187:ERROR:in_progress_cache_impl.cc(189)] Cache is not initialized, cannot RetrieveEntry.
5월 29, 2018 23:57:53.26 [13092:2092:0529/235753.187:ERROR:in_progress_cache_impl.cc(189)] Cache is not initialized, cannot RetrieveEntry.
5월 29, 2018 23:57:53.28 [13092:2092:0529/235753.187:ERROR:in_progress_cache_impl.cc(189)] Cache is not initialized, cannot RetrieveEntry.
5월 29, 2018 23:57:53.28 [13092:2092:0529/235753.187:ERROR:in_progress_cache_impl.cc(189)] Cache is not initialized, cannot RetrieveEntry.
5월 29, 2018 23:57:53.29 [13092:2092:0529/235753.187:ERROR:in_progress_cache_impl.cc(189)] Cache is not initialized, cannot RetrieveEntry.
5월 29, 2018 23:57:53.31 [13092:2092:0529/235753.187:ERROR:in_progress_cache_impl.cc(189)] Cache is not initialized, cannot RetrieveEntry.
5월 29, 2018 23:57:53.34 [13092:2092:0529/235753.187:ERROR:in_progress_cache_impl.cc(189)] Cache is not initialized, cannot RetrieveEntry.
5월 29, 2018 23:57:53.35 [13092:2092:0529/235753.187:ERROR:in_progress_cache_impl.cc(189)] Cache is not initialized, cannot RetrieveEntry.
5월 29, 2018 23:57:53.37 [13092:2092:0529/235753.187:ERROR:in_progress_cache_impl.cc(189)] Cache is not initialized, cannot RetrieveEntry.
5월 29, 2018 23:57:53.37 [13092:2092:0529/235753.187:ERROR:in_progress_cache_impl.cc(189)] Cache is not initialized, cannot RetrieveEntry.
5월 29, 2018 23:57:53.39 [13092:2092:0529/235753.187:ERROR:in_progress_cache_impl.cc(189)] Cache is not initialized, cannot RetrieveEntry.
5월 29, 2018 23:57:53.40 [13092:2092:0529/235753.187:ERROR:in_progress_cache_impl.cc(189)] Cache is not initialized, cannot RetrieveEntry.
5월 29, 2018 23:57:53.42 [13092:2092:0529/235753.187:ERROR:in_progress_cache_impl.cc(189)] Cache is not initialized, cannot RetrieveEntry.
5월 29, 2018 23:57:53.42 [13092:2092:0529/235753.187:ERROR:in_progress_cache_impl.cc(189)] Cache is not initialized, cannot RetrieveEntry.
5월 29, 2018 23:57:53.43 [13092:2092:0529/235753.187:ERROR:in_progress_cache_impl.cc(189)] Cache is not initialized, cannot RetrieveEntry.
5월 29, 2018 23:57:53.43 [13092:2092:0529/235753.187:ERROR:in_progress_cache_impl.cc(189)] Cache is not initialized, cannot RetrieveEntry.
5월 29, 2018 23:57:53.45 [13092:2092:0529/235753.187:ERROR:in_progress_cache_impl.cc(189)] Cache is not initialized, cannot RetrieveEntry.
5월 29, 2018 23:57:53.45 [13092:2092:0529/235753.187:ERROR:in_progress_cache_impl.cc(189)] Cache is not initialized, cannot RetrieveEntry.
5월 29, 2018 23:57:53.47 [13092:2092:0529/235753.187:ERROR:in_progress_cache_impl.cc(189)] Cache is not initialized, cannot RetrieveEntry.
5월 29, 2018 23:57:53.48 [13092:2092:0529/235753.187:ERROR:in_progress_cache_impl.cc(189)] Cache is not initialized, cannot RetrieveEntry.
5월 29, 2018 23:57:53.51 [13092:2092:0529/235753.187:ERROR:in_progress_cache_impl.cc(189)] Cache is not initialized, cannot RetrieveEntry.
5월 29, 2018 23:57:53.54 [13092:2092:0529/235753.187:ERROR:in_progress_cache_impl.cc(189)] Cache is not initialized, cannot RetrieveEntry.
5월 29, 2018 23:57:53.60 [13092:2092:0529/235753.187:ERROR:in_progress_cache_impl.cc(189)] Cache is not initialized, cannot RetrieveEntry.
5월 29, 2018 23:57:53.62 [13092:2092:0529/235753.187:ERROR:in_progress_cache_impl.cc(189)] Cache is not initialized, cannot RetrieveEntry.
5월 29, 2018 23:57:53.65 [13092:2092:0529/235753.187:ERROR:in_progress_cache_impl.cc(189)] Cache is not initialized, cannot RetrieveEntry.
5월 29, 2018 23:57:53.67 [13092:2092:0529/235753.187:ERROR:in_progress_cache_impl.cc(189)] Cache is not initialized, cannot RetrieveEntry.
5월 29, 2018 23:57:53.68 [13092:2092:0529/235753.187:ERROR:in_progress_cache_impl.cc(189)] Cache is not initialized, cannot RetrieveEntry.
5월 29, 2018 23:57:53.69 [13092:2092:0529/235753.187:ERROR:in_progress_cache_impl.cc(189)] Cache is not initialized, cannot RetrieveEntry.
5월 29, 2018 23:57:53.71 [13092:2092:0529/235753.187:ERROR:in_progress_cache_impl.cc(189)] Cache is not initialized, cannot RetrieveEntry.
5월 29, 2018 23:57:53.72 [13092:2092:0529/235753.187:ERROR:in_progress_cache_impl.cc(189)] Cache is not initialized, cannot RetrieveEntry.
5월 29, 2018 23:57:53.74 [13092:2092:0529/235753.187:ERROR:in_progress_cache_impl.cc(189)] Cache is not initialized, cannot RetrieveEntry.
5월 29, 2018 23:57:53.75 [13092:2092:0529/235753.187:ERROR:in_progress_cache_impl.cc(189)] Cache is not initialized, cannot RetrieveEntry.
5월 29, 2018 23:57:53.76 [13092:2092:0529/235753.187:ERROR:in_progress_cache_impl.cc(189)] Cache is not initialized, cannot RetrieveEntry.
5월 29, 2018 23:57:53.78 [13092:2092:0529/235753.187:ERROR:in_progress_cache_impl.cc(189)] Cache is not initialized, cannot RetrieveEntry.
5월 29, 2018 23:57:53.80 [13092:2092:0529/235753.187:ERROR:in_progress_cache_impl.cc(189)] Cache is not initialized, cannot RetrieveEntry.
5월 29, 2018 23:57:53.82 [13092:2092:0529/235753.187:ERROR:in_progress_cache_impl.cc(189)] Cache is not initialized, cannot RetrieveEntry.
5월 29, 2018 23:57:53.83 [13092:2092:0529/235753.187:ERROR:in_progress_cache_impl.cc(189)] Cache is not initialized, cannot RetrieveEntry.
5월 29, 2018 23:57:53.84 [13092:2092:0529/235753.187:ERROR:in_progress_cache_impl.cc(189)] Cache is not initialized, cannot RetrieveEntry.
5월 29, 2018 23:57:53.85 [13092:2092:0529/235753.187:ERROR:in_progress_cache_impl.cc(189)] Cache is not initialized, cannot RetrieveEntry.
5월 29, 2018 23:57:53.86 [13092:2092:0529/235753.187:ERROR:in_progress_cache_impl.cc(189)] Cache is not initialized, cannot RetrieveEntry.
5월 29, 2018 23:57:53.87 [13092:2092:0529/235753.187:ERROR:in_progress_cache_impl.cc(189)] Cache is not initialized, cannot RetrieveEntry.
5월 29, 2018 23:57:53.88 [13092:2092:0529/235753.187:ERROR:in_progress_cache_impl.cc(189)] Cache is not initialized, cannot RetrieveEntry.
5월 29, 2018 23:57:53.89 [13092:2092:0529/235753.187:ERROR:in_progress_cache_impl.cc(189)] Cache is not initialized, cannot RetrieveEntry.
5월 29, 2018 23:57:53.89 [13092:2092:0529/235753.187:ERROR:in_progress_cache_impl.cc(189)] Cache is not initialized, cannot RetrieveEntry.
5월 29, 2018 23:57:53.91 [13092:2092:0529/235753.187:ERROR:in_progress_cache_impl.cc(189)] Cache is not initialized, cannot RetrieveEntry.
5월 29, 2018 23:57:53.92 [13092:2092:0529/235753.187:ERROR:in_progress_cache_impl.cc(189)] Cache is not initialized, cannot RetrieveEntry.
5월 29, 2018 23:57:53.93 [13092:2092:0529/235753.187:ERROR:in_progress_cache_impl.cc(189)] Cache is not initialized, cannot RetrieveEntry.
5월 29, 2018 23:57:53.94 [13092:2092:0529/235753.187:ERROR:in_progress_cache_impl.cc(189)] Cache is not initialized, cannot RetrieveEntry.
5월 29, 2018 23:57:53.95 [13092:2092:0529/235753.187:ERROR:in_progress_cache_impl.cc(189)] Cache is not initialized, cannot RetrieveEntry.
5월 29, 2018 23:57:53.96 [13092:2092:0529/235753.187:ERROR:in_progress_cache_impl.cc(189)] Cache is not initialized, cannot RetrieveEntry.
5월 29, 2018 23:57:53.97 [13092:2092:0529/235753.187:ERROR:in_progress_cache_impl.cc(189)] Cache is not initialized, cannot RetrieveEntry.
5월 29, 2018 23:57:53.99 [13092:2092:0529/235753.187:ERROR:in_progress_cache_impl.cc(189)] Cache is not initialized, cannot RetrieveEntry.
5월 29, 2018 23:57:54.00 [13092:2092:0529/235753.187:ERROR:in_progress_cache_impl.cc(189)] Cache is not initialized, cannot RetrieveEntry.
5월 29, 2018 23:57:54.02 [13092:2092:0529/235753.187:ERROR:in_progress_cache_impl.cc(189)] Cache is not initialized, cannot RetrieveEntry.
5월 29, 2018 23:57:54.03 [13092:2092:0529/235753.470:ERROR:in_progress_cache_impl.cc(189)] Cache is not initialized, cannot RetrieveEntry.
5월 29, 2018 23:57:54.04 [13092:2092:0529/235753.470:ERROR:in_progress_cache_impl.cc(189)] Cache is not initialized, cannot RetrieveEntry.
5월 29, 2018 23:57:54.05 [13092:2092:0529/235753.470:ERROR:in_progress_cache_impl.cc(189)] Cache is not initialized, cannot RetrieveEntry.
5월 29, 2018 23:57:54.06 [13092:2092:0529/235753.470:ERROR:in_progress_cache_impl.cc(189)] Cache is not initialized, cannot RetrieveEntry.
5월 29, 2018 23:57:54.07 [13092:2092:0529/235753.470:ERROR:in_progress_cache_impl.cc(189)] Cache is not initialized, cannot RetrieveEntry.
5월 29, 2018 23:57:54.08 [13092:2092:0529/235753.470:ERROR:in_progress_cache_impl.cc(189)] Cache is not initialized, cannot RetrieveEntry.
5월 29, 2018 23:57:54.09 [13092:2092:0529/235753.470:ERROR:in_progress_cache_impl.cc(189)] Cache is not initialized, cannot RetrieveEntry.
5월 29, 2018 23:57:54.10 [13092:2092:0529/235753.470:ERROR:in_progress_cache_impl.cc(189)] Cache is not initialized, cannot RetrieveEntry.
5월 29, 2018 23:57:54.11 [13092:2092:0529/235753.470:ERROR:in_progress_cache_impl.cc(189)] Cache is not initialized, cannot RetrieveEntry.
5월 29, 2018 23:57:54.12 [13092:2092:0529/235753.470:ERROR:in_progress_cache_impl.cc(189)] Cache is not initialized, cannot RetrieveEntry.
5월 29, 2018 23:57:54.13 [13092:2092:0529/235753.470:ERROR:in_progress_cache_impl.cc(189)] Cache is not initialized, cannot RetrieveEntry.
5월 29, 2018 23:57:54.14 [13092:2092:0529/235753.470:ERROR:in_progress_cache_impl.cc(189)] Cache is not initialized, cannot RetrieveEntry.
5월 29, 2018 23:57:54.15 [13092:2092:0529/235753.470:ERROR:in_progress_cache_impl.cc(189)] Cache is not initialized, cannot RetrieveEntry.
5월 29, 2018 23:57:54.16 [13092:2092:0529/235753.470:ERROR:in_progress_cache_impl.cc(189)] Cache is not initialized, cannot RetrieveEntry.
5월 29, 2018 23:57:54.17 [13092:2092:0529/235753.470:ERROR:in_progress_cache_impl.cc(189)] Cache is not initialized, cannot RetrieveEntry.
5월 29, 2018 23:57:54.18 [13092:2092:0529/235753.470:ERROR:in_progress_cache_impl.cc(189)] Cache is not initialized, cannot RetrieveEntry.
5월 29, 2018 23:57:54.19 [13092:2092:0529/235753.470:ERROR:in_progress_cache_impl.cc(189)] Cache is not initialized, cannot RetrieveEntry.
5월 29, 2018 23:57:54.20 [13092:2092:0529/235753.470:ERROR:in_progress_cache_impl.cc(189)] Cache is not initialized, cannot RetrieveEntry.
5월 29, 2018 23:57:54.21 [13092:2092:0529/235753.470:ERROR:in_progress_cache_impl.cc(189)] Cache is not initialized, cannot RetrieveEntry.
5월 29, 2018 23:57:54.22 [13092:2092:0529/235753.470:ERROR:in_progress_cache_impl.cc(189)] Cache is not initialized, cannot RetrieveEntry.
5월 29, 2018 23:57:54.23 [13092:2092:0529/235753.470:ERROR:in_progress_cache_impl.cc(189)] Cache is not initialized, cannot RetrieveEntry.
5월 29, 2018 23:57:54.24 [13092:2092:0529/235753.470:ERROR:in_progress_cache_impl.cc(189)] Cache is not initialized, cannot RetrieveEntry.
5월 29, 2018 23:57:54.25 [13092:2092:0529/235753.470:ERROR:in_progress_cache_impl.cc(189)] Cache is not initialized, cannot RetrieveEntry.
5월 29, 2018 23:57:54.26 [13092:2092:0529/235753.501:ERROR:gpu_process_transport_factory.cc(1007)] Lost UI shared context.
5월 30, 2018 24:00:14.69 Unable to read VR Path Registry from C:\Users\jazzh\AppData\Local\openvr\openvrpaths.vrpath
